Pager started with 4 physical memory pages
vm_create	(15213, 17861)
vm_create returned 0
vm_switch	(17861)
					returning to (17861) with pages:
vm_map		(17861)	0x0	0
vm_map returned 0x600000000
					returning to (17861) with pages:
					r	vpage 0x60000	ppage 0x0
vm_fault	(17861)	0x600000000	write
vm_fault returned 0
					returning to (17861) with pages:
					rw	vpage 0x60000	ppage 0x1
vm_map		(17861)	0x600000000	0
vm_map returned 0x600010000
					returning to (17861) with pages:
					rw	vpage 0x60000	ppage 0x1
vm_map		(17861)	0x0	0
vm_map returned 0x600020000
					returning to (17861) with pages:
					rw	vpage 0x60000	ppage 0x1
					r	vpage 0x60002	ppage 0x0
vm_fault	(17861)	0x600020000	write
vm_fault returned 0
					returning to (17861) with pages:
					rw	vpage 0x60000	ppage 0x1
					rw	vpage 0x60002	ppage 0x2
vm_map		(17861)	0x0	0
vm_map returned 0x600030000
					returning to (17861) with pages:
					rw	vpage 0x60000	ppage 0x1
					rw	vpage 0x60002	ppage 0x2
					r	vpage 0x60003	ppage 0x0
vm_fault	(17861)	0x600030000	write
vm_fault returned 0
					returning to (17861) with pages:
					rw	vpage 0x60000	ppage 0x1
					rw	vpage 0x60002	ppage 0x2
					rw	vpage 0x60003	ppage 0x3
vm_fault	(17861)	0x600010005	read
file_write	<swap>	0
file_read	lampson83.txt	0
vm_fault returned 0
					returning to (17861) with pages:
					r	vpage 0x60001	ppage 0x188
vm_fault returned 0
					returning to (17861) with pages:
					rw	vpage 0x60001	ppage 0x1
vm_fault	(17861)	0x600000000	read
file_write	<swap>	1
file_read	<swap>	0
vm_fault returned 0
					returning to (17861) with pages:
					r	vpage 0x60000	ppage 0x2
					rw	vpage 0x60001	ppage 0x1
vm_fault	(17861)	0x600020000	read
file_write	<swap>	2
file_read	<swap>	1
vm_fault returned 0
					returning to (17861) with pages:
					r	vpage 0x60000	ppage 0x2
					rw	vpage 0x60001	ppage 0x1
					r	vpage 0x60002	ppage 0x3
vm_fault	(17861)	0x600030000	read
file_write	lampson83.txt	0
file_read	<swap>	2
vm_fault returned 0
					returning to (17861) with pages:
					r	vpage 0x60003	ppage 0x1
vm_fault	(17861)	0x600010005	write
file_read	lampson83.txt	0
vm_fault returned 0
					returning to (17861) with pages:
					rw	vpage 0x60001	ppage 0x2
					r	vpage 0x60003	ppage 0x1
vm_destroy	(17861)
