Pager started with 4 physical memory pages
vm_create	(15213, 18097)
vm_create returned 0
vm_switch	(18097)
					returning to (18097) with pages:
vm_create	(18097, 18098)
vm_create returned 0
					returning to (18097) with pages:
vm_map		(18097)	0x0	0
vm_map returned 0x600000000
					returning to (18097) with pages:
					r	vpage 0x60000	ppage 0x0
vm_fault	(18097)	0x600000000	write
vm_fault returned 0
					returning to (18097) with pages:
					rw	vpage 0x60000	ppage 0x1
vm_map		(18097)	0x600000000	0
vm_map returned 0x600010000
					returning to (18097) with pages:
					rw	vpage 0x60000	ppage 0x1
vm_map		(18097)	0x600000000	0
vm_map returned 0x600020000
					returning to (18097) with pages:
					rw	vpage 0x60000	ppage 0x1
vm_map		(18097)	0x600000000	0
vm_map returned 0x600030000
					returning to (18097) with pages:
					rw	vpage 0x60000	ppage 0x1
vm_fault	(18097)	0x600030000	read
file_read	data1.bin	0
vm_fault returned 0
					returning to (18097) with pages:
					rw	vpage 0x60000	ppage 0x1
					r	vpage 0x60002	ppage 0x2
					r	vpage 0x60003	ppage 0x2
vm_map		(18097)	0x600000000	0
vm_map returned 0x600040000
					returning to (18097) with pages:
					rw	vpage 0x60000	ppage 0x1
					r	vpage 0x60002	ppage 0x2
					r	vpage 0x60003	ppage 0x2
					r	vpage 0x60004	ppage 0x2
vm_switch	(18098)
					returning to (18098) with pages:
vm_map		(18098)	0x0	0
vm_map returned 0x600000000
					returning to (18098) with pages:
					r	vpage 0x60000	ppage 0x0
vm_fault	(18098)	0x600000000	write
vm_fault returned 0
					returning to (18098) with pages:
					rw	vpage 0x60000	ppage 0x3
vm_map		(18098)	0x600000000	0
vm_map returned 0x600010000
					returning to (18098) with pages:
					rw	vpage 0x60000	ppage 0x3
					r	vpage 0x60001	ppage 0x2
vm_map		(18098)	0x600000000	1
vm_map returned 0x600020000
					returning to (18098) with pages:
					rw	vpage 0x60000	ppage 0x3
					r	vpage 0x60001	ppage 0x2
vm_fault	(18098)	0x600010000	write
vm_fault returned 0
					returning to (18098) with pages:
					rw	vpage 0x60000	ppage 0x3
					rw	vpage 0x60001	ppage 0x2
vm_switch	(18097)
					returning to (18097) with pages:
					rw	vpage 0x60000	ppage 0x1
					rw	vpage 0x60002	ppage 0x2
					rw	vpage 0x60003	ppage 0x2
					rw	vpage 0x60004	ppage 0x2
vm_map		(18097)	0x0	0
vm_map returned 0x600050000
					returning to (18097) with pages:
					rw	vpage 0x60000	ppage 0x1
					rw	vpage 0x60002	ppage 0x2
					rw	vpage 0x60003	ppage 0x2
					rw	vpage 0x60004	ppage 0x2
					r	vpage 0x60005	ppage 0x0
vm_map		(18097)	0x0	0
vm_map returned 0x600060000
					returning to (18097) with pages:
					rw	vpage 0x60000	ppage 0x1
					rw	vpage 0x60002	ppage 0x2
					rw	vpage 0x60003	ppage 0x2
					rw	vpage 0x60004	ppage 0x2
					r	vpage 0x60005	ppage 0x0
					r	vpage 0x60006	ppage 0x0
vm_map		(18097)	0x0	0
vm_map returned 0x600070000
					returning to (18097) with pages:
					rw	vpage 0x60000	ppage 0x1
					rw	vpage 0x60002	ppage 0x2
					rw	vpage 0x60003	ppage 0x2
					rw	vpage 0x60004	ppage 0x2
					r	vpage 0x60005	ppage 0x0
					r	vpage 0x60006	ppage 0x0
					r	vpage 0x60007	ppage 0x0
vm_fault	(18097)	0x600050000	write
file_write	<swap>	0
vm_fault returned 0
					returning to (18097) with pages:
					rw	vpage 0x60005	ppage 0x1
					r	vpage 0x60006	ppage 0x0
					r	vpage 0x60007	ppage 0x0
vm_fault	(18097)	0x600060000	write
file_write	data1.bin	0
vm_fault returned 0
					returning to (18097) with pages:
					rw	vpage 0x60005	ppage 0x1
					rw	vpage 0x60006	ppage 0x2
					r	vpage 0x60007	ppage 0x0
vm_fault	(18097)	0x600070000	write
file_write	<swap>	1
vm_fault returned 0
					returning to (18097) with pages:
					rw	vpage 0x60005	ppage 0x1
					rw	vpage 0x60006	ppage 0x2
					rw	vpage 0x60007	ppage 0x3
vm_fault	(18097)	0x600040000	read
file_write	<swap>	2
file_read	data1.bin	0
vm_fault returned 0
					returning to (18097) with pages:
					r	vpage 0x60002	ppage 0x1
					r	vpage 0x60003	ppage 0x1
					r	vpage 0x60004	ppage 0x1
vm_switch	(18098)
					returning to (18098) with pages:
					rw	vpage 0x60000	ppage 0x3
					r	vpage 0x60001	ppage 0x1
vm_fault	(18098)	0x600020000	write
file_write	<swap>	3
file_read	data1.bin	1
vm_fault returned 0
					returning to (18098) with pages:
					rw	vpage 0x60000	ppage 0x3
					r	vpage 0x60001	ppage 0x1
					rw	vpage 0x60002	ppage 0x2
vm_destroy	(18098)
vm_switch	(18097)
					returning to (18097) with pages:
					r	vpage 0x60002	ppage 0x1
					r	vpage 0x60003	ppage 0x1
					r	vpage 0x60004	ppage 0x1
vm_destroy	(18097)
