Pager started with 4 physical memory pages
vm_create	(15213, 18163)
vm_create returned 0
vm_switch	(18163)
					returning to (18163) with pages:
vm_create	(18163, 18164)
vm_create returned 0
					returning to (18163) with pages:
vm_map		(18163)	0x0	0
vm_map returned 0x600000000
					returning to (18163) with pages:
					r	vpage 0x60000	ppage 0x0
vm_map		(18163)	0x0	0
vm_map returned 0x600010000
					returning to (18163) with pages:
					r	vpage 0x60000	ppage 0x0
					r	vpage 0x60001	ppage 0x0
vm_map		(18163)	0x0	0
vm_map returned 0x600020000
					returning to (18163) with pages:
					r	vpage 0x60000	ppage 0x0
					r	vpage 0x60001	ppage 0x0
					r	vpage 0x60002	ppage 0x0
vm_map		(18163)	0x0	0
vm_map returned 0x600030000
					returning to (18163) with pages:
					r	vpage 0x60000	ppage 0x0
					r	vpage 0x60001	ppage 0x0
					r	vpage 0x60002	ppage 0x0
					r	vpage 0x60003	ppage 0x0
vm_map		(18163)	0x0	0
vm_map returned 0x600040000
					returning to (18163) with pages:
					r	vpage 0x60000	ppage 0x0
					r	vpage 0x60001	ppage 0x0
					r	vpage 0x60002	ppage 0x0
					r	vpage 0x60003	ppage 0x0
					r	vpage 0x60004	ppage 0x0
vm_map		(18163)	0x0	0
vm_map returned 0x600050000
					returning to (18163) with pages:
					r	vpage 0x60000	ppage 0x0
					r	vpage 0x60001	ppage 0x0
					r	vpage 0x60002	ppage 0x0
					r	vpage 0x60003	ppage 0x0
					r	vpage 0x60004	ppage 0x0
					r	vpage 0x60005	ppage 0x0
vm_map		(18163)	0x0	0
vm_map returned 0x600060000
					returning to (18163) with pages:
					r	vpage 0x60000	ppage 0x0
					r	vpage 0x60001	ppage 0x0
					r	vpage 0x60002	ppage 0x0
					r	vpage 0x60003	ppage 0x0
					r	vpage 0x60004	ppage 0x0
					r	vpage 0x60005	ppage 0x0
					r	vpage 0x60006	ppage 0x0
vm_map		(18163)	0x0	0
vm_map returned 0x600070000
					returning to (18163) with pages:
					r	vpage 0x60000	ppage 0x0
					r	vpage 0x60001	ppage 0x0
					r	vpage 0x60002	ppage 0x0
					r	vpage 0x60003	ppage 0x0
					r	vpage 0x60004	ppage 0x0
					r	vpage 0x60005	ppage 0x0
					r	vpage 0x60006	ppage 0x0
					r	vpage 0x60007	ppage 0x0
vm_map		(18163)	0x0	0
vm_map returned 0x600080000
					returning to (18163) with pages:
					r	vpage 0x60000	ppage 0x0
					r	vpage 0x60001	ppage 0x0
					r	vpage 0x60002	ppage 0x0
					r	vpage 0x60003	ppage 0x0
					r	vpage 0x60004	ppage 0x0
					r	vpage 0x60005	ppage 0x0
					r	vpage 0x60006	ppage 0x0
					r	vpage 0x60007	ppage 0x0
					r	vpage 0x60008	ppage 0x0
vm_map		(18163)	0x0	0
vm_map returned 0x600090000
					returning to (18163) with pages:
					r	vpage 0x60000	ppage 0x0
					r	vpage 0x60001	ppage 0x0
					r	vpage 0x60002	ppage 0x0
					r	vpage 0x60003	ppage 0x0
					r	vpage 0x60004	ppage 0x0
					r	vpage 0x60005	ppage 0x0
					r	vpage 0x60006	ppage 0x0
					r	vpage 0x60007	ppage 0x0
					r	vpage 0x60008	ppage 0x0
					r	vpage 0x60009	ppage 0x0
vm_fault	(18163)	0x600020000	write
vm_fault returned 0
					returning to (18163) with pages:
					r	vpage 0x60000	ppage 0x0
					r	vpage 0x60001	ppage 0x0
					rw	vpage 0x60002	ppage 0x1
					r	vpage 0x60003	ppage 0x0
					r	vpage 0x60004	ppage 0x0
					r	vpage 0x60005	ppage 0x0
					r	vpage 0x60006	ppage 0x0
					r	vpage 0x60007	ppage 0x0
					r	vpage 0x60008	ppage 0x0
					r	vpage 0x60009	ppage 0x0
vm_fault	(18163)	0x600010000	write
vm_fault returned 0
					returning to (18163) with pages:
					r	vpage 0x60000	ppage 0x0
					rw	vpage 0x60001	ppage 0x2
					rw	vpage 0x60002	ppage 0x1
					r	vpage 0x60003	ppage 0x0
					r	vpage 0x60004	ppage 0x0
					r	vpage 0x60005	ppage 0x0
					r	vpage 0x60006	ppage 0x0
					r	vpage 0x60007	ppage 0x0
					r	vpage 0x60008	ppage 0x0
					r	vpage 0x60009	ppage 0x0
vm_fault	(18163)	0x600000000	write
vm_fault returned 0
					returning to (18163) with pages:
					rw	vpage 0x60000	ppage 0x3
					rw	vpage 0x60001	ppage 0x2
					rw	vpage 0x60002	ppage 0x1
					r	vpage 0x60003	ppage 0x0
					r	vpage 0x60004	ppage 0x0
					r	vpage 0x60005	ppage 0x0
					r	vpage 0x60006	ppage 0x0
					r	vpage 0x60007	ppage 0x0
					r	vpage 0x60008	ppage 0x0
					r	vpage 0x60009	ppage 0x0
vm_fault	(18163)	0x600050000	write
file_write	<swap>	2
vm_fault returned 0
					returning to (18163) with pages:
					r	vpage 0x60003	ppage 0x0
					r	vpage 0x60004	ppage 0x0
					rw	vpage 0x60005	ppage 0x1
					r	vpage 0x60006	ppage 0x0
					r	vpage 0x60007	ppage 0x0
					r	vpage 0x60008	ppage 0x0
					r	vpage 0x60009	ppage 0x0
vm_fault	(18163)	0x600040000	write
file_write	<swap>	1
vm_fault returned 0
					returning to (18163) with pages:
					r	vpage 0x60003	ppage 0x0
					rw	vpage 0x60004	ppage 0x2
					rw	vpage 0x60005	ppage 0x1
					r	vpage 0x60006	ppage 0x0
					r	vpage 0x60007	ppage 0x0
					r	vpage 0x60008	ppage 0x0
					r	vpage 0x60009	ppage 0x0
vm_fault	(18163)	0x600030000	write
file_write	<swap>	0
vm_fault returned 0
					returning to (18163) with pages:
					rw	vpage 0x60003	ppage 0x3
					rw	vpage 0x60004	ppage 0x2
					rw	vpage 0x60005	ppage 0x1
					r	vpage 0x60006	ppage 0x0
					r	vpage 0x60007	ppage 0x0
					r	vpage 0x60008	ppage 0x0
					r	vpage 0x60009	ppage 0x0
vm_fault	(18163)	0x600090000	write
file_write	<swap>	5
vm_fault returned 0
					returning to (18163) with pages:
					r	vpage 0x60006	ppage 0x0
					r	vpage 0x60007	ppage 0x0
					r	vpage 0x60008	ppage 0x0
					rw	vpage 0x60009	ppage 0x1
vm_fault	(18163)	0x600080000	write
file_write	<swap>	4
vm_fault returned 0
					returning to (18163) with pages:
					r	vpage 0x60006	ppage 0x0
					r	vpage 0x60007	ppage 0x0
					rw	vpage 0x60008	ppage 0x2
					rw	vpage 0x60009	ppage 0x1
vm_fault	(18163)	0x600070000	write
file_write	<swap>	3
vm_fault returned 0
					returning to (18163) with pages:
					r	vpage 0x60006	ppage 0x0
					rw	vpage 0x60007	ppage 0x3
					rw	vpage 0x60008	ppage 0x2
					rw	vpage 0x60009	ppage 0x1
vm_fault	(18163)	0x600060000	write
file_write	<swap>	9
vm_fault returned 0
					returning to (18163) with pages:
					rw	vpage 0x60006	ppage 0x1
vm_fault	(18163)	0x600000000	write
file_write	<swap>	8
file_read	<swap>	0
vm_fault returned 0
					returning to (18163) with pages:
					rw	vpage 0x60000	ppage 0x2
					rw	vpage 0x60006	ppage 0x1
vm_fault	(18163)	0x600090000	write
file_write	<swap>	7
file_read	<swap>	9
vm_fault returned 0
					returning to (18163) with pages:
					rw	vpage 0x60000	ppage 0x2
					rw	vpage 0x60006	ppage 0x1
					rw	vpage 0x60009	ppage 0x3
vm_fault	(18163)	0x600020000	write
file_write	<swap>	6
file_read	<swap>	2
vm_fault returned 0
					returning to (18163) with pages:
					rw	vpage 0x60002	ppage 0x1
vm_fault	(18163)	0x600050000	write
file_write	<swap>	0
file_read	<swap>	5
vm_fault returned 0
					returning to (18163) with pages:
					rw	vpage 0x60002	ppage 0x1
					rw	vpage 0x60005	ppage 0x2
vm_fault	(18163)	0x600080000	write
file_write	<swap>	9
file_read	<swap>	8
vm_fault returned 0
					returning to (18163) with pages:
					rw	vpage 0x60002	ppage 0x1
					rw	vpage 0x60005	ppage 0x2
					rw	vpage 0x60008	ppage 0x3
vm_fault	(18163)	0x600040000	write
file_write	<swap>	2
file_read	<swap>	4
vm_fault returned 0
					returning to (18163) with pages:
					rw	vpage 0x60004	ppage 0x1
vm_fault	(18163)	0x600010000	write
file_write	<swap>	5
file_read	<swap>	1
vm_fault returned 0
					returning to (18163) with pages:
					rw	vpage 0x60001	ppage 0x2
					rw	vpage 0x60004	ppage 0x1
vm_fault	(18163)	0x600060000	write
file_write	<swap>	8
file_read	<swap>	6
vm_fault returned 0
					returning to (18163) with pages:
					rw	vpage 0x60001	ppage 0x2
					rw	vpage 0x60004	ppage 0x1
					rw	vpage 0x60006	ppage 0x3
vm_fault	(18163)	0x600070000	write
file_write	<swap>	4
file_read	<swap>	7
vm_fault returned 0
					returning to (18163) with pages:
					rw	vpage 0x60007	ppage 0x1
vm_fault	(18163)	0x600000000	write
file_write	<swap>	1
file_read	<swap>	0
vm_fault returned 0
					returning to (18163) with pages:
					rw	vpage 0x60000	ppage 0x2
					rw	vpage 0x60007	ppage 0x1
vm_fault	(18163)	0x600010000	write
file_write	<swap>	6
file_read	<swap>	1
vm_fault returned 0
					returning to (18163) with pages:
					rw	vpage 0x60000	ppage 0x2
					rw	vpage 0x60001	ppage 0x3
					rw	vpage 0x60007	ppage 0x1
vm_fault	(18163)	0x600020000	write
file_write	<swap>	7
file_read	<swap>	2
vm_fault returned 0
					returning to (18163) with pages:
					rw	vpage 0x60002	ppage 0x1
vm_fault	(18163)	0x600030000	write
file_write	<swap>	0
file_read	<swap>	3
vm_fault returned 0
					returning to (18163) with pages:
					rw	vpage 0x60002	ppage 0x1
					rw	vpage 0x60003	ppage 0x2
vm_fault	(18163)	0x600040000	write
file_write	<swap>	1
file_read	<swap>	4
vm_fault returned 0
					returning to (18163) with pages:
					rw	vpage 0x60002	ppage 0x1
					rw	vpage 0x60003	ppage 0x2
					rw	vpage 0x60004	ppage 0x3
vm_fault	(18163)	0x600050000	write
file_write	<swap>	2
file_read	<swap>	5
vm_fault returned 0
					returning to (18163) with pages:
					rw	vpage 0x60005	ppage 0x1
vm_fault	(18163)	0x600060000	write
file_write	<swap>	3
file_read	<swap>	6
vm_fault returned 0
					returning to (18163) with pages:
					rw	vpage 0x60005	ppage 0x1
					rw	vpage 0x60006	ppage 0x2
vm_fault	(18163)	0x600070000	write
file_write	<swap>	4
file_read	<swap>	7
vm_fault returned 0
					returning to (18163) with pages:
					rw	vpage 0x60005	ppage 0x1
					rw	vpage 0x60006	ppage 0x2
					rw	vpage 0x60007	ppage 0x3
vm_fault	(18163)	0x600080000	write
file_write	<swap>	5
file_read	<swap>	8
vm_fault returned 0
					returning to (18163) with pages:
					rw	vpage 0x60008	ppage 0x1
vm_fault	(18163)	0x600090000	read
file_write	<swap>	6
file_read	<swap>	9
vm_fault returned 0
					returning to (18163) with pages:
					rw	vpage 0x60008	ppage 0x1
					r	vpage 0x60009	ppage 0x2
vm_fault	(18163)	0x600000000	write
file_write	<swap>	7
file_read	<swap>	0
vm_fault returned 0
					returning to (18163) with pages:
					rw	vpage 0x60000	ppage 0x3
					rw	vpage 0x60008	ppage 0x1
					r	vpage 0x60009	ppage 0x2
vm_fault	(18163)	0x600090000	write
vm_fault returned 0
					returning to (18163) with pages:
					rw	vpage 0x60000	ppage 0x3
					rw	vpage 0x60008	ppage 0x1
					rw	vpage 0x60009	ppage 0x2
vm_fault	(18163)	0x600070000	read
file_write	<swap>	8
file_read	<swap>	7
vm_fault returned 0
					returning to (18163) with pages:
					r	vpage 0x60007	ppage 0x1
vm_fault	(18163)	0x600020000	write
file_write	<swap>	9
file_read	<swap>	2
vm_fault returned 0
					returning to (18163) with pages:
					rw	vpage 0x60002	ppage 0x2
					r	vpage 0x60007	ppage 0x1
vm_fault	(18163)	0x600060000	read
file_write	<swap>	0
file_read	<swap>	6
vm_fault returned 0
					returning to (18163) with pages:
					rw	vpage 0x60002	ppage 0x2
					r	vpage 0x60006	ppage 0x3
					r	vpage 0x60007	ppage 0x1
vm_fault	(18163)	0x600050000	write
file_read	<swap>	5
vm_fault returned 0
					returning to (18163) with pages:
					rw	vpage 0x60005	ppage 0x1
vm_fault	(18163)	0x600080000	write
file_write	<swap>	2
file_read	<swap>	8
vm_fault returned 0
					returning to (18163) with pages:
					rw	vpage 0x60005	ppage 0x1
					rw	vpage 0x60008	ppage 0x2
vm_fault	(18163)	0x600040000	read
file_read	<swap>	4
vm_fault returned 0
					returning to (18163) with pages:
					r	vpage 0x60004	ppage 0x3
					rw	vpage 0x60005	ppage 0x1
					rw	vpage 0x60008	ppage 0x2
vm_fault	(18163)	0x600040000	write
vm_fault returned 0
					returning to (18163) with pages:
					rw	vpage 0x60004	ppage 0x3
					rw	vpage 0x60005	ppage 0x1
					rw	vpage 0x60008	ppage 0x2
vm_fault	(18163)	0x600030000	read
file_write	<swap>	5
file_read	<swap>	3
vm_fault returned 0
					returning to (18163) with pages:
					r	vpage 0x60003	ppage 0x1
vm_fault	(18163)	0x600010000	write
file_write	<swap>	8
file_read	<swap>	1
vm_fault returned 0
					returning to (18163) with pages:
					rw	vpage 0x60001	ppage 0x2
					r	vpage 0x60003	ppage 0x1
vm_fault	(18163)	0x600020000	read
file_write	<swap>	4
file_read	<swap>	2
vm_fault returned 0
					returning to (18163) with pages:
					rw	vpage 0x60001	ppage 0x2
					r	vpage 0x60002	ppage 0x3
					r	vpage 0x60003	ppage 0x1
vm_fault	(18163)	0x600060000	write
file_read	<swap>	6
vm_fault returned 0
					returning to (18163) with pages:
					rw	vpage 0x60006	ppage 0x1
vm_fault	(18163)	0x600010000	read
vm_fault returned 0
					returning to (18163) with pages:
					rw	vpage 0x60001	ppage 0x2
					rw	vpage 0x60006	ppage 0x1
vm_fault	(18163)	0x600070000	write
file_read	<swap>	7
vm_fault returned 0
					returning to (18163) with pages:
					rw	vpage 0x60006	ppage 0x1
					rw	vpage 0x60007	ppage 0x3
vm_destroy	(18163)
vm_switch	(18164)
					returning to (18164) with pages:
vm_map		(18164)	0x0	0
vm_map returned 0x600000000
					returning to (18164) with pages:
					r	vpage 0x60000	ppage 0x0
vm_fault	(18164)	0x600000000	write
vm_fault returned 0
					returning to (18164) with pages:
					rw	vpage 0x60000	ppage 0x2
vm_destroy	(18164)
