Pager started with 4 physical memory pages
vm_create	(15213, 17895)
vm_create returned 0
vm_switch	(17895)
					returning to (17895) with pages:
vm_map		(17895)	0x0	0
vm_map returned 0x600000000
					returning to (17895) with pages:
					r	vpage 0x60000	ppage 0x0
vm_map		(17895)	0x0	0
vm_map returned 0x600010000
					returning to (17895) with pages:
					r	vpage 0x60000	ppage 0x0
					r	vpage 0x60001	ppage 0x0
vm_fault	(17895)	0x60000fffc	write
vm_fault returned 0
					returning to (17895) with pages:
					rw	vpage 0x60000	ppage 0x1
					r	vpage 0x60001	ppage 0x0
vm_fault	(17895)	0x600010000	write
vm_fault returned 0
					returning to (17895) with pages:
					rw	vpage 0x60000	ppage 0x1
					rw	vpage 0x60001	ppage 0x2
vm_map		(17895)	0x60000fffc	0
vm_map returned 0x600020000
					returning to (17895) with pages:
					rw	vpage 0x60000	ppage 0x1
					rw	vpage 0x60001	ppage 0x2
vm_map		(17895)	0x0	0
vm_map returned 0x600030000
					returning to (17895) with pages:
					rw	vpage 0x60000	ppage 0x1
					rw	vpage 0x60001	ppage 0x2
					r	vpage 0x60003	ppage 0x0
vm_fault	(17895)	0x600030000	write
vm_fault returned 0
					returning to (17895) with pages:
					rw	vpage 0x60000	ppage 0x1
					rw	vpage 0x60001	ppage 0x2
					rw	vpage 0x60003	ppage 0x3
vm_map		(17895)	0x0	0
vm_map returned 0x600040000
					returning to (17895) with pages:
					rw	vpage 0x60000	ppage 0x1
					rw	vpage 0x60001	ppage 0x2
					rw	vpage 0x60003	ppage 0x3
					r	vpage 0x60004	ppage 0x0
vm_fault	(17895)	0x600040000	write
file_write	<swap>	0
vm_fault returned 0
					returning to (17895) with pages:
					rw	vpage 0x60004	ppage 0x1
vm_fault	(17895)	0x600020005	read
file_write	<swap>	1
file_read	lampson83.txt	0
vm_fault returned 0
					returning to (17895) with pages:
					r	vpage 0x60002	ppage 0x2
					rw	vpage 0x60004	ppage 0x1
vm_fault	(17895)	0x600020000	write
vm_fault returned 0
					returning to (17895) with pages:
					rw	vpage 0x60002	ppage 0x2
					rw	vpage 0x60004	ppage 0x1
vm_fault	(17895)	0x60000fffc	read
file_write	<swap>	2
file_read	<swap>	0
vm_fault returned 0
					returning to (17895) with pages:
					r	vpage 0x60000	ppage 0x3
					rw	vpage 0x60002	ppage 0x2
					rw	vpage 0x60004	ppage 0x1
vm_fault	(17895)	0x600030000	read
file_write	<swap>	3
file_read	<swap>	2
vm_fault returned 0
					returning to (17895) with pages:
					r	vpage 0x60003	ppage 0x1
vm_fault	(17895)	0x60000fffc	read
vm_fault returned 0
					returning to (17895) with pages:
					r	vpage 0x60000	ppage 0x3
					r	vpage 0x60003	ppage 0x1
vm_fault	(17895)	0x600040000	read
file_write	lampson83.txt	0
file_read	<swap>	3
vm_fault returned 0
					returning to (17895) with pages:
					r	vpage 0x60000	ppage 0x3
					r	vpage 0x60003	ppage 0x1
					r	vpage 0x60004	ppage 0x2
vm_fault	(17895)	0x600020005	read
file_read	lampson83.txt	0
vm_fault returned 0
					returning to (17895) with pages:
					r	vpage 0x60002	ppage 0x3
vm_fault	(17895)	0x60000fffc	read
file_read	<swap>	0
vm_fault returned 0
					returning to (17895) with pages:
					r	vpage 0x60000	ppage 0x1
					r	vpage 0x60002	ppage 0x3
vm_fault	(17895)	0x600030000	read
file_read	<swap>	2
vm_fault returned 0
					returning to (17895) with pages:
					r	vpage 0x60000	ppage 0x1
					r	vpage 0x60002	ppage 0x3
					r	vpage 0x60003	ppage 0x2
vm_fault	(17895)	0x600040000	read
file_read	<swap>	3
vm_fault returned 0
					returning to (17895) with pages:
					r	vpage 0x60004	ppage 0x3
vm_destroy	(17895)
