Pager started with 4 physical memory pages
vm_create	(19577, 19721)
vm_create returned 0
vm_switch	(19721)
					returning to (19721) with pages:
vm_create	(19721, 19722)
vm_create returned 0
					returning to (19721) with pages:
vm_map		(19721)	0x0	0
vm_map returned 0x600000000
					returning to (19721) with pages:
					r	vpage 0x60000	ppage 0x0
vm_fault	(19721)	0x600000000	write
vm_fault returned 0
					returning to (19721) with pages:
					rw	vpage 0x60000	ppage 0x1 // filename
vm_map		(19721)	0x600000000	0
vm_map returned 0x600010000
					returning to (19721) with pages:
					rw	vpage 0x60000	ppage 0x1 // filename
vm_switch	(19722)
					returning to (19722) with pages:
vm_map		(19722)	0x0	0
vm_map returned 0x600000000
					returning to (19722) with pages:
					r	vpage 0x60000	ppage 0x0 // filename_child
vm_fault	(19722)	0x600000000	write
vm_fault returned 0
					returning to (19722) with pages:
					rw	vpage 0x60000	ppage 0x2 // filename_child
vm_map		(19722)	0x600000000	0
vm_map returned 0x600010000
					returning to (19722) with pages:
					rw	vpage 0x60000	ppage 0x2 // filename_child
vm_fault	(19722)	0x600010000	read
file_read	lampson83.txt	0
vm_fault returned 0
					returning to (19722) with pages:
					rw	vpage 0x60000	ppage 0x2 // filename_child
					r	vpage 0x60001	ppage 0x3   // c0
vm_switch	(19721)
					returning to (19721) with pages:
					rw	vpage 0x60000	ppage 0x1 // filename
					r	vpage 0x60001	ppage 0x3   // p0
vm_map		(19721)	0x0	0
vm_map returned 0x600020000
					returning to (19721) with pages:
					rw	vpage 0x60000	ppage 0x1 // filename
					r	vpage 0x60001	ppage 0x3   // p0
					r	vpage 0x60002	ppage 0x0   // swap0
vm_fault	(19721)	0x600020000	write
file_write	<swap>	0  // filename evicted (ppn 1)
vm_fault returned 0
					returning to (19721) with pages:
					rw	vpage 0x60002	ppage 0x1  // swap0
vm_map		(19721)	0x0	0
vm_map returned 0x600030000
					returning to (19721) with pages:
					rw	vpage 0x60002	ppage 0x1  // swap0
					r	vpage 0x60003	ppage 0x0    // swap1
vm_fault	(19721)	0x600030000	write
file_write	<swap>	1   // filename_child evicted (ppn 2)
vm_fault returned 0
					returning to (19721) with pages:
					rw	vpage 0x60002	ppage 0x1  // swap0
					rw	vpage 0x60003	ppage 0x2  // swap1
vm_switch	(19722)
					returning to (19722) with pages:
vm_fault	(19722)	0x600010000	write
vm_fault returned 0
					returning to (19722) with pages:
					rw	vpage 0x60001	ppage 0x3  // p0/c0
vm_map		(19722)	0x0	0
vm_map returned 0x600020000
					returning to (19722) with pages:
					rw	vpage 0x60001	ppage 0x3  // p0/c0
					r	vpage 0x60002	ppage 0x0    // swap_child0
vm_fault	(19722)	0x600020000	write
vm_fault returned 0   // !! should write back c0/p0
					returning to (19722) with pages:
					rw	vpage 0x60002	ppage 0x3
vm_map		(19722)	0x0	0
vm_map returned 0x600030000
					returning to (19722) with pages:
					rw	vpage 0x60002	ppage 0x3
					r	vpage 0x60003	ppage 0x0
vm_fault	(19722)	0x600030000	write
file_write	<swap>	2
vm_fault returned 0
					returning to (19722) with pages:
					rw	vpage 0x60002	ppage 0x3
					rw	vpage 0x60003	ppage 0x1
vm_map		(19722)	0x0	0
vm_map returned 0x600040000
					returning to (19722) with pages:
					rw	vpage 0x60002	ppage 0x3
					rw	vpage 0x60003	ppage 0x1
					r	vpage 0x60004	ppage 0x0
vm_fault	(19722)	0x600040000	write
file_write	<swap>	3
vm_fault returned 0
					returning to (19722) with pages:
					rw	vpage 0x60002	ppage 0x3
					rw	vpage 0x60003	ppage 0x1
					rw	vpage 0x60004	ppage 0x2
vm_destroy	(19722)
vm_switch	(19721)
					returning to (19721) with pages:
vm_destroy	(19721)
