Pager started with 4 physical memory pages
vm_create	(19577, 19676)
vm_create returned 0
vm_switch	(19676)
					returning to (19676) with pages:
vm_create	(19676, 19677)
vm_create returned 0
					returning to (19676) with pages:
vm_map		(19676)	0x0	0
vm_map returned 0x600000000
					returning to (19676) with pages:
					r	vpage 0x60000	ppage 0x0
vm_fault	(19676)	0x600000000	write
vm_fault returned 0
					returning to (19676) with pages:
					rw	vpage 0x60000	ppage 0x1
vm_map		(19676)	0x600000000	0
vm_map returned 0x600010000
					returning to (19676) with pages:
					rw	vpage 0x60000	ppage 0x1
vm_switch	(19677)
					returning to (19677) with pages:
vm_map		(19677)	0x0	0
vm_map returned 0x600000000
					returning to (19677) with pages:
					r	vpage 0x60000	ppage 0x0
vm_fault	(19677)	0x600000000	write
vm_fault returned 0
					returning to (19677) with pages:
					rw	vpage 0x60000	ppage 0x2
vm_map		(19677)	0x600000000	0
vm_map returned 0x600010000
					returning to (19677) with pages:
					rw	vpage 0x60000	ppage 0x2
vm_fault	(19677)	0x600010000	write
file_read	lampson83.txt	0
vm_fault returned 0
					returning to (19677) with pages:
					rw	vpage 0x60000	ppage 0x2
					rw	vpage 0x60001	ppage 0x3
vm_switch	(19676)
					returning to (19676) with pages:
					rw	vpage 0x60000	ppage 0x1
					rw	vpage 0x60001	ppage 0x3
vm_map		(19676)	0x0	0
vm_map returned 0x600020000
					returning to (19676) with pages:
					rw	vpage 0x60000	ppage 0x1
					rw	vpage 0x60001	ppage 0x3
					r	vpage 0x60002	ppage 0x0
vm_fault	(19676)	0x600020000	write
file_write	<swap>	0
vm_fault returned 0
					returning to (19676) with pages:
					rw	vpage 0x60002	ppage 0x1
vm_map		(19676)	0x0	0
vm_map returned 0x600030000
					returning to (19676) with pages:
					rw	vpage 0x60002	ppage 0x1
					r	vpage 0x60003	ppage 0x0
vm_fault	(19676)	0x600030000	write
file_write	<swap>	1
vm_fault returned 0
					returning to (19676) with pages:
					rw	vpage 0x60002	ppage 0x1
					rw	vpage 0x60003	ppage 0x2
vm_switch	(19677)
					returning to (19677) with pages:
vm_fault	(19677)	0x600010000	read
vm_fault returned 0
					returning to (19677) with pages:
					rw	vpage 0x60001	ppage 0x3
vm_map		(19677)	0x0	0
vm_map returned 0x600020000
					returning to (19677) with pages:
					rw	vpage 0x60001	ppage 0x3
					r	vpage 0x60002	ppage 0x0
vm_fault	(19677)	0x600020000	write
file_write	lampson83.txt	0
vm_fault returned 0
					returning to (19677) with pages:
					rw	vpage 0x60002	ppage 0x3
vm_map		(19677)	0x0	0
vm_map returned 0x600030000
					returning to (19677) with pages:
					rw	vpage 0x60002	ppage 0x3
					r	vpage 0x60003	ppage 0x0
vm_fault	(19677)	0x600030000	write
file_write	<swap>	2
vm_fault returned 0
					returning to (19677) with pages:
					rw	vpage 0x60002	ppage 0x3
					rw	vpage 0x60003	ppage 0x1
vm_map		(19677)	0x0	0
vm_map returned 0x600040000
					returning to (19677) with pages:
					rw	vpage 0x60002	ppage 0x3
					rw	vpage 0x60003	ppage 0x1
					r	vpage 0x60004	ppage 0x0
vm_fault	(19677)	0x600040000	write
file_write	<swap>	3
vm_fault returned 0
					returning to (19677) with pages:
					rw	vpage 0x60002	ppage 0x3
					rw	vpage 0x60003	ppage 0x1
					rw	vpage 0x60004	ppage 0x2
vm_destroy	(19677)
vm_switch	(19676)
					returning to (19676) with pages:
vm_destroy	(19676)
