Pager started with 4 physical memory pages
vm_create	(6065, 6748)
vm_create returned 0
vm_switch	(6748)
					returning to (6748) with pages:
vm_create	(6748, 6749)
vm_create returned 0
					returning to (6748) with pages:
vm_map		(6748)	0x0	0
vm_map returned 0x600000000
					returning to (6748) with pages:
					r	vpage 0x60000	ppage 0x0
vm_fault	(6748)	0x600000000	write
vm_fault returned 0
					returning to (6748) with pages:
					rw	vpage 0x60000	ppage 0x1
vm_map		(6748)	0x600000000	0
file_read	lampson83.txt	0
vm_map returned 0x600010000
					returning to (6748) with pages:
					rw	vpage 0x60000	ppage 0x1
					r	vpage 0x60001	ppage 0x2
vm_map		(6748)	0x0	0
vm_map returned 0x600020000
					returning to (6748) with pages:
					rw	vpage 0x60000	ppage 0x1
					r	vpage 0x60001	ppage 0x2
					r	vpage 0x60002	ppage 0x0
vm_fault	(6748)	0x600020000	write
vm_fault returned 0
					returning to (6748) with pages:
					rw	vpage 0x60000	ppage 0x1
					r	vpage 0x60001	ppage 0x2
					rw	vpage 0x60002	ppage 0x3
vm_map		(6748)	0x0	0
vm_map returned 0x600030000
					returning to (6748) with pages:
					rw	vpage 0x60000	ppage 0x1
					r	vpage 0x60001	ppage 0x2
					rw	vpage 0x60002	ppage 0x3
					r	vpage 0x60003	ppage 0x0
vm_fault	(6748)	0x600030000	write
file_write	<swap>	0
vm_fault returned 0
					returning to (6748) with pages:
					r	vpage 0x60001	ppage 0x2
					rw	vpage 0x60002	ppage 0x3
					rw	vpage 0x60003	ppage 0x1
vm_map		(6748)	0x0	0
vm_map returned 0x600040000
					returning to (6748) with pages:
					r	vpage 0x60001	ppage 0x2
					rw	vpage 0x60002	ppage 0x3
					rw	vpage 0x60003	ppage 0x1
					r	vpage 0x60004	ppage 0x0
vm_fault	(6748)	0x600040000	write
vm_fault returned 0
					returning to (6748) with pages:
					rw	vpage 0x60002	ppage 0x3
					rw	vpage 0x60003	ppage 0x1
					rw	vpage 0x60004	ppage 0x2
vm_map		(6748)	0x600040000	0
file_read	lampson83.txt	0
file_write	<swap>	1
vm_map returned 0x600050000
					returning to (6748) with pages:
					rw	vpage 0x60003	ppage 0x1
					rw	vpage 0x60004	ppage 0x2
					r	vpage 0x60005	ppage 0x3
vm_map		(6748)	0x0	0
vm_map returned 0x600060000
					returning to (6748) with pages:
					rw	vpage 0x60003	ppage 0x1
					rw	vpage 0x60004	ppage 0x2
					r	vpage 0x60005	ppage 0x3
					r	vpage 0x60006	ppage 0x0
vm_fault	(6748)	0x600060000	write
file_write	<swap>	2
vm_fault returned 0
					returning to (6748) with pages:
					rw	vpage 0x60004	ppage 0x2
					r	vpage 0x60005	ppage 0x3
					rw	vpage 0x60006	ppage 0x1
vm_map		(6748)	0x0	0
vm_map returned 0x600070000
					returning to (6748) with pages:
					rw	vpage 0x60004	ppage 0x2
					r	vpage 0x60005	ppage 0x3
					rw	vpage 0x60006	ppage 0x1
					r	vpage 0x60007	ppage 0x0
vm_fault	(6748)	0x600070000	write
file_write	<swap>	3
vm_fault returned 0
					returning to (6748) with pages:
					r	vpage 0x60005	ppage 0x3
					rw	vpage 0x60006	ppage 0x1
					rw	vpage 0x60007	ppage 0x2
vm_destroy	(6748)
vm_switch	(6749)
					returning to (6749) with pages:
vm_map		(6749)	0x0	0
vm_map returned 0x600000000
					returning to (6749) with pages:
					r	vpage 0x60000	ppage 0x0
vm_fault	(6749)	0x600000000	write
vm_fault returned 0
					returning to (6749) with pages:
					rw	vpage 0x60000	ppage 0x1
vm_map		(6749)	0x600000000	0
vm_map returned 0x600010000
					returning to (6749) with pages:
					rw	vpage 0x60000	ppage 0x1
					r	vpage 0x60001	ppage 0x3
vm_map		(6749)	0x0	0
vm_map returned 0x600020000
					returning to (6749) with pages:
					rw	vpage 0x60000	ppage 0x1
					r	vpage 0x60001	ppage 0x3
					r	vpage 0x60002	ppage 0x0
vm_fault	(6749)	0x600020000	write
vm_fault returned 0
					returning to (6749) with pages:
					rw	vpage 0x60000	ppage 0x1
					r	vpage 0x60001	ppage 0x3
					rw	vpage 0x60002	ppage 0x2
vm_map		(6749)	0x0	0
vm_map returned 0x600030000
					returning to (6749) with pages:
					rw	vpage 0x60000	ppage 0x1
					r	vpage 0x60001	ppage 0x3
					rw	vpage 0x60002	ppage 0x2
					r	vpage 0x60003	ppage 0x0
vm_fault	(6749)	0x600030000	write
vm_fault returned 0
					returning to (6749) with pages:
					rw	vpage 0x60000	ppage 0x1
					r	vpage 0x60001	ppage 0x3
					rw	vpage 0x60002	ppage 0x2
					rw	vpage 0x60003	ppage 0x3
vm_destroy	(6749)
