Pager started with 4 physical memory pages
vm_create	(6065, 6764)
vm_create returned 0
vm_switch	(6764)
					returning to (6764) with pages:
vm_create	(6764, 6765)
vm_create returned 0
					returning to (6764) with pages:
vm_map		(6764)	0x0	0
vm_map returned 0x600000000
					returning to (6764) with pages:
					r	vpage 0x60000	ppage 0x0
vm_fault	(6764)	0x600000000	write
vm_fault returned 0
					returning to (6764) with pages:
					rw	vpage 0x60000	ppage 0x1
vm_map		(6764)	0x600000000	0
file_read	lampson83.txt	0
vm_map returned 0x600010000
					returning to (6764) with pages:
					rw	vpage 0x60000	ppage 0x1
					r	vpage 0x60001	ppage 0x2
vm_map		(6764)	0x0	0
vm_map returned 0x600020000
					returning to (6764) with pages:
					rw	vpage 0x60000	ppage 0x1
					r	vpage 0x60001	ppage 0x2
					r	vpage 0x60002	ppage 0x0
vm_fault	(6764)	0x600020000	write
vm_fault returned 0
					returning to (6764) with pages:
					rw	vpage 0x60000	ppage 0x1
					r	vpage 0x60001	ppage 0x2
					rw	vpage 0x60002	ppage 0x3
vm_map		(6764)	0x0	0
vm_map returned 0x600030000
					returning to (6764) with pages:
					rw	vpage 0x60000	ppage 0x1
					r	vpage 0x60001	ppage 0x2
					rw	vpage 0x60002	ppage 0x3
					r	vpage 0x60003	ppage 0x0
vm_fault	(6764)	0x600030000	write
file_write	<swap>	0
vm_fault returned 0
					returning to (6764) with pages:
					r	vpage 0x60001	ppage 0x2
					rw	vpage 0x60002	ppage 0x3
					rw	vpage 0x60003	ppage 0x1
vm_destroy	(6764)
vm_switch	(6765)
					returning to (6765) with pages:
vm_map		(6765)	0x0	0
vm_map returned 0x600000000
					returning to (6765) with pages:
					r	vpage 0x60000	ppage 0x0
vm_fault	(6765)	0x600000000	write
vm_fault returned 0
					returning to (6765) with pages:
					rw	vpage 0x60000	ppage 0x3
vm_map		(6765)	0x600000000	0
vm_map returned 0x600010000
					returning to (6765) with pages:
					rw	vpage 0x60000	ppage 0x3
					r	vpage 0x60001	ppage 0x2
vm_map		(6765)	0x0	0
vm_map returned 0x600020000
					returning to (6765) with pages:
					rw	vpage 0x60000	ppage 0x3
					r	vpage 0x60001	ppage 0x2
					r	vpage 0x60002	ppage 0x0
vm_fault	(6765)	0x600020000	write
vm_fault returned 0
					returning to (6765) with pages:
					rw	vpage 0x60000	ppage 0x3
					r	vpage 0x60001	ppage 0x2
					rw	vpage 0x60002	ppage 0x1
vm_map		(6765)	0x0	0
vm_map returned 0x600030000
					returning to (6765) with pages:
					rw	vpage 0x60000	ppage 0x3
					r	vpage 0x60001	ppage 0x2
					rw	vpage 0x60002	ppage 0x1
					r	vpage 0x60003	ppage 0x0
vm_fault	(6765)	0x600030000	write
vm_fault returned 0
					returning to (6765) with pages:
					rw	vpage 0x60000	ppage 0x3
					rw	vpage 0x60002	ppage 0x1
					rw	vpage 0x60003	ppage 0x2
vm_destroy	(6765)
