Pager started with 4 physical memory pages
vm_create	(6065, 6923)
vm_create returned 0
vm_switch	(6923)
					returning to (6923) with pages:
vm_create	(6923, 6924)
vm_create returned 0
					returning to (6923) with pages:
vm_map		(6923)	0x0	0
vm_map returned 0x600000000
					returning to (6923) with pages:
					r	vpage 0x60000	ppage 0x0
vm_map		(6923)	0x0	0
vm_map returned 0x600010000
					returning to (6923) with pages:
					r	vpage 0x60000	ppage 0x0
					r	vpage 0x60001	ppage 0x0
vm_map		(6923)	0x0	0
vm_map returned 0x600020000
					returning to (6923) with pages:
					r	vpage 0x60000	ppage 0x0
					r	vpage 0x60001	ppage 0x0
					r	vpage 0x60002	ppage 0x0
vm_map		(6923)	0x0	0
vm_map returned 0x600030000
					returning to (6923) with pages:
					r	vpage 0x60000	ppage 0x0
					r	vpage 0x60001	ppage 0x0
					r	vpage 0x60002	ppage 0x0
					r	vpage 0x60003	ppage 0x0
vm_map		(6923)	0x0	0
vm_map returned 0x600040000
					returning to (6923) with pages:
					r	vpage 0x60000	ppage 0x0
					r	vpage 0x60001	ppage 0x0
					r	vpage 0x60002	ppage 0x0
					r	vpage 0x60003	ppage 0x0
					r	vpage 0x60004	ppage 0x0
vm_map		(6923)	0x0	0
vm_map returned 0x600050000
					returning to (6923) with pages:
					r	vpage 0x60000	ppage 0x0
					r	vpage 0x60001	ppage 0x0
					r	vpage 0x60002	ppage 0x0
					r	vpage 0x60003	ppage 0x0
					r	vpage 0x60004	ppage 0x0
					r	vpage 0x60005	ppage 0x0
vm_map		(6923)	0x0	0
vm_map returned 0x600060000
					returning to (6923) with pages:
					r	vpage 0x60000	ppage 0x0
					r	vpage 0x60001	ppage 0x0
					r	vpage 0x60002	ppage 0x0
					r	vpage 0x60003	ppage 0x0
					r	vpage 0x60004	ppage 0x0
					r	vpage 0x60005	ppage 0x0
					r	vpage 0x60006	ppage 0x0
vm_map		(6923)	0x0	0
vm_map returned 0x600070000
					returning to (6923) with pages:
					r	vpage 0x60000	ppage 0x0
					r	vpage 0x60001	ppage 0x0
					r	vpage 0x60002	ppage 0x0
					r	vpage 0x60003	ppage 0x0
					r	vpage 0x60004	ppage 0x0
					r	vpage 0x60005	ppage 0x0
					r	vpage 0x60006	ppage 0x0
					r	vpage 0x60007	ppage 0x0
vm_map		(6923)	0x0	0
vm_map returned 0x600080000
					returning to (6923) with pages:
					r	vpage 0x60000	ppage 0x0
					r	vpage 0x60001	ppage 0x0
					r	vpage 0x60002	ppage 0x0
					r	vpage 0x60003	ppage 0x0
					r	vpage 0x60004	ppage 0x0
					r	vpage 0x60005	ppage 0x0
					r	vpage 0x60006	ppage 0x0
					r	vpage 0x60007	ppage 0x0
					r	vpage 0x60008	ppage 0x0
vm_map		(6923)	0x0	0
vm_map returned 0x600090000
					returning to (6923) with pages:
					r	vpage 0x60000	ppage 0x0
					r	vpage 0x60001	ppage 0x0
					r	vpage 0x60002	ppage 0x0
					r	vpage 0x60003	ppage 0x0
					r	vpage 0x60004	ppage 0x0
					r	vpage 0x60005	ppage 0x0
					r	vpage 0x60006	ppage 0x0
					r	vpage 0x60007	ppage 0x0
					r	vpage 0x60008	ppage 0x0
					r	vpage 0x60009	ppage 0x0
vm_fault	(6923)	0x600020000	write
vm_fault returned 0
					returning to (6923) with pages:
					r	vpage 0x60000	ppage 0x0
					r	vpage 0x60001	ppage 0x0
					rw	vpage 0x60002	ppage 0x1
					r	vpage 0x60003	ppage 0x0
					r	vpage 0x60004	ppage 0x0
					r	vpage 0x60005	ppage 0x0
					r	vpage 0x60006	ppage 0x0
					r	vpage 0x60007	ppage 0x0
					r	vpage 0x60008	ppage 0x0
					r	vpage 0x60009	ppage 0x0
vm_fault	(6923)	0x600010000	write
vm_fault returned 0
					returning to (6923) with pages:
					r	vpage 0x60000	ppage 0x0
					rw	vpage 0x60001	ppage 0x2
					rw	vpage 0x60002	ppage 0x1
					r	vpage 0x60003	ppage 0x0
					r	vpage 0x60004	ppage 0x0
					r	vpage 0x60005	ppage 0x0
					r	vpage 0x60006	ppage 0x0
					r	vpage 0x60007	ppage 0x0
					r	vpage 0x60008	ppage 0x0
					r	vpage 0x60009	ppage 0x0
vm_fault	(6923)	0x600000000	write
vm_fault returned 0
					returning to (6923) with pages:
					rw	vpage 0x60000	ppage 0x3
					rw	vpage 0x60001	ppage 0x2
					rw	vpage 0x60002	ppage 0x1
					r	vpage 0x60003	ppage 0x0
					r	vpage 0x60004	ppage 0x0
					r	vpage 0x60005	ppage 0x0
					r	vpage 0x60006	ppage 0x0
					r	vpage 0x60007	ppage 0x0
					r	vpage 0x60008	ppage 0x0
					r	vpage 0x60009	ppage 0x0
vm_fault	(6923)	0x600050000	write
file_write	<swap>	0
vm_fault returned 0
					returning to (6923) with pages:
					rw	vpage 0x60000	ppage 0x3
					rw	vpage 0x60001	ppage 0x2
					r	vpage 0x60003	ppage 0x0
					r	vpage 0x60004	ppage 0x0
					rw	vpage 0x60005	ppage 0x1
					r	vpage 0x60006	ppage 0x0
					r	vpage 0x60007	ppage 0x0
					r	vpage 0x60008	ppage 0x0
					r	vpage 0x60009	ppage 0x0
vm_fault	(6923)	0x600040000	write
file_write	<swap>	1
vm_fault returned 0
					returning to (6923) with pages:
					rw	vpage 0x60000	ppage 0x3
					r	vpage 0x60003	ppage 0x0
					rw	vpage 0x60004	ppage 0x2
					rw	vpage 0x60005	ppage 0x1
					r	vpage 0x60006	ppage 0x0
					r	vpage 0x60007	ppage 0x0
					r	vpage 0x60008	ppage 0x0
					r	vpage 0x60009	ppage 0x0
vm_fault	(6923)	0x600030000	write
file_write	<swap>	2
vm_fault returned 0
					returning to (6923) with pages:
					rw	vpage 0x60003	ppage 0x3
					rw	vpage 0x60004	ppage 0x2
					rw	vpage 0x60005	ppage 0x1
					r	vpage 0x60006	ppage 0x0
					r	vpage 0x60007	ppage 0x0
					r	vpage 0x60008	ppage 0x0
					r	vpage 0x60009	ppage 0x0
vm_fault	(6923)	0x600090000	write
file_write	<swap>	3
vm_fault returned 0
					returning to (6923) with pages:
					rw	vpage 0x60003	ppage 0x3
					rw	vpage 0x60004	ppage 0x2
					r	vpage 0x60006	ppage 0x0
					r	vpage 0x60007	ppage 0x0
					r	vpage 0x60008	ppage 0x0
					rw	vpage 0x60009	ppage 0x1
vm_fault	(6923)	0x600080000	write
file_write	<swap>	4
vm_fault returned 0
					returning to (6923) with pages:
					rw	vpage 0x60003	ppage 0x3
					r	vpage 0x60006	ppage 0x0
					r	vpage 0x60007	ppage 0x0
					rw	vpage 0x60008	ppage 0x2
					rw	vpage 0x60009	ppage 0x1
vm_fault	(6923)	0x600070000	write
file_write	<swap>	5
vm_fault returned 0
					returning to (6923) with pages:
					r	vpage 0x60006	ppage 0x0
					rw	vpage 0x60007	ppage 0x3
					rw	vpage 0x60008	ppage 0x2
					rw	vpage 0x60009	ppage 0x1
vm_fault	(6923)	0x600060000	write
file_write	<swap>	6
vm_fault returned 0
					returning to (6923) with pages:
					rw	vpage 0x60006	ppage 0x1
					rw	vpage 0x60007	ppage 0x3
					rw	vpage 0x60008	ppage 0x2
vm_fault	(6923)	0x600000000	write
file_read	<swap>	2
file_write	<swap>	7
vm_fault returned 0
					returning to (6923) with pages:
					rw	vpage 0x60000	ppage 0x2
					rw	vpage 0x60006	ppage 0x1
					rw	vpage 0x60007	ppage 0x3
vm_fault	(6923)	0x600090000	write
file_read	<swap>	6
file_write	<swap>	8
vm_fault returned 0
					returning to (6923) with pages:
					rw	vpage 0x60000	ppage 0x2
					rw	vpage 0x60006	ppage 0x1
					rw	vpage 0x60009	ppage 0x3
vm_fault	(6923)	0x600020000	write
file_read	<swap>	0
file_write	<swap>	9
vm_fault returned 0
					returning to (6923) with pages:
					rw	vpage 0x60000	ppage 0x2
					rw	vpage 0x60002	ppage 0x1
					rw	vpage 0x60009	ppage 0x3
vm_fault	(6923)	0x600050000	write
file_read	<swap>	3
file_write	<swap>	10
vm_fault returned 0
					returning to (6923) with pages:
					rw	vpage 0x60002	ppage 0x1
					rw	vpage 0x60005	ppage 0x2
					rw	vpage 0x60009	ppage 0x3
vm_fault	(6923)	0x600080000	write
file_read	<swap>	7
file_write	<swap>	11
vm_fault returned 0
					returning to (6923) with pages:
					rw	vpage 0x60002	ppage 0x1
					rw	vpage 0x60005	ppage 0x2
					rw	vpage 0x60008	ppage 0x3
vm_fault	(6923)	0x600040000	write
file_read	<swap>	4
file_write	<swap>	12
vm_fault returned 0
					returning to (6923) with pages:
					rw	vpage 0x60004	ppage 0x1
					rw	vpage 0x60005	ppage 0x2
					rw	vpage 0x60008	ppage 0x3
vm_fault	(6923)	0x600010000	write
file_read	<swap>	1
file_write	<swap>	13
vm_fault returned 0
					returning to (6923) with pages:
					rw	vpage 0x60001	ppage 0x2
					rw	vpage 0x60004	ppage 0x1
					rw	vpage 0x60008	ppage 0x3
vm_fault	(6923)	0x600060000	write
file_read	<swap>	9
file_write	<swap>	14
vm_fault returned 0
					returning to (6923) with pages:
					rw	vpage 0x60001	ppage 0x2
					rw	vpage 0x60004	ppage 0x1
					rw	vpage 0x60006	ppage 0x3
vm_fault	(6923)	0x600070000	write
file_read	<swap>	8
file_write	<swap>	15
vm_fault returned 0
					returning to (6923) with pages:
					rw	vpage 0x60001	ppage 0x2
					rw	vpage 0x60006	ppage 0x3
					rw	vpage 0x60007	ppage 0x1
vm_fault	(6923)	0x600000000	write
file_read	<swap>	10
file_write	<swap>	16
vm_fault returned 0
					returning to (6923) with pages:
					rw	vpage 0x60000	ppage 0x2
					rw	vpage 0x60006	ppage 0x3
					rw	vpage 0x60007	ppage 0x1
vm_fault	(6923)	0x600010000	write
file_read	<swap>	16
file_write	<swap>	17
vm_fault returned 0
					returning to (6923) with pages:
					rw	vpage 0x60000	ppage 0x2
					rw	vpage 0x60001	ppage 0x3
					rw	vpage 0x60007	ppage 0x1
vm_fault	(6923)	0x600020000	write
file_read	<swap>	12
file_write	<swap>	18
vm_fault returned 0
					returning to (6923) with pages:
					rw	vpage 0x60000	ppage 0x2
					rw	vpage 0x60001	ppage 0x3
					rw	vpage 0x60002	ppage 0x1
vm_fault	(6923)	0x600030000	write
file_read	<swap>	5
file_write	<swap>	19
vm_fault returned 0
					returning to (6923) with pages:
					rw	vpage 0x60001	ppage 0x3
					rw	vpage 0x60002	ppage 0x1
					rw	vpage 0x60003	ppage 0x2
vm_fault	(6923)	0x600040000	write
file_read	<swap>	15
file_write	<swap>	20
vm_fault returned 0
					returning to (6923) with pages:
					rw	vpage 0x60002	ppage 0x1
					rw	vpage 0x60003	ppage 0x2
					rw	vpage 0x60004	ppage 0x3
vm_fault	(6923)	0x600050000	write
file_read	<swap>	13
file_write	<swap>	21
vm_fault returned 0
					returning to (6923) with pages:
					rw	vpage 0x60003	ppage 0x2
					rw	vpage 0x60004	ppage 0x3
					rw	vpage 0x60005	ppage 0x1
vm_fault	(6923)	0x600060000	write
file_read	<swap>	17
file_write	<swap>	22
vm_fault returned 0
					returning to (6923) with pages:
					rw	vpage 0x60004	ppage 0x3
					rw	vpage 0x60005	ppage 0x1
					rw	vpage 0x60006	ppage 0x2
vm_fault	(6923)	0x600070000	write
file_read	<swap>	18
file_write	<swap>	23
vm_fault returned 0
					returning to (6923) with pages:
					rw	vpage 0x60005	ppage 0x1
					rw	vpage 0x60006	ppage 0x2
					rw	vpage 0x60007	ppage 0x3
vm_fault	(6923)	0x600080000	write
file_read	<swap>	14
file_write	<swap>	24
vm_fault returned 0
					returning to (6923) with pages:
					rw	vpage 0x60006	ppage 0x2
					rw	vpage 0x60007	ppage 0x3
					rw	vpage 0x60008	ppage 0x1
vm_fault	(6923)	0x600090000	read
file_read	<swap>	11
file_write	<swap>	25
vm_fault returned 0
					returning to (6923) with pages:
					rw	vpage 0x60007	ppage 0x3
					rw	vpage 0x60008	ppage 0x1
					r	vpage 0x60009	ppage 0x2
vm_fault	(6923)	0x600000000	write
file_read	<swap>	19
file_write	<swap>	26
vm_fault returned 0
					returning to (6923) with pages:
					rw	vpage 0x60000	ppage 0x3
					rw	vpage 0x60008	ppage 0x1
					r	vpage 0x60009	ppage 0x2
vm_fault	(6923)	0x600090000	write
vm_fault returned 0
					returning to (6923) with pages:
					rw	vpage 0x60000	ppage 0x3
					rw	vpage 0x60008	ppage 0x1
					rw	vpage 0x60009	ppage 0x2
vm_fault	(6923)	0x600070000	read
file_read	<swap>	26
file_write	<swap>	27
vm_fault returned 0
					returning to (6923) with pages:
					rw	vpage 0x60000	ppage 0x3
					r	vpage 0x60007	ppage 0x1
					rw	vpage 0x60009	ppage 0x2
vm_fault	(6923)	0x600020000	write
file_read	<swap>	21
file_write	<swap>	28
vm_fault returned 0
					returning to (6923) with pages:
					rw	vpage 0x60000	ppage 0x3
					rw	vpage 0x60002	ppage 0x2
					r	vpage 0x60007	ppage 0x1
vm_fault	(6923)	0x600060000	read
file_read	<swap>	25
file_write	<swap>	29
vm_fault returned 0
					returning to (6923) with pages:
					rw	vpage 0x60002	ppage 0x2
					r	vpage 0x60006	ppage 0x3
					r	vpage 0x60007	ppage 0x1
vm_fault	(6923)	0x600050000	write
file_read	<swap>	24
vm_fault returned 0
					returning to (6923) with pages:
					rw	vpage 0x60002	ppage 0x2
					rw	vpage 0x60005	ppage 0x1
					r	vpage 0x60006	ppage 0x3
vm_fault	(6923)	0x600080000	write
file_read	<swap>	27
file_write	<swap>	30
vm_fault returned 0
					returning to (6923) with pages:
					rw	vpage 0x60005	ppage 0x1
					r	vpage 0x60006	ppage 0x3
					rw	vpage 0x60008	ppage 0x2
vm_fault	(6923)	0x600040000	read
file_read	<swap>	23
vm_fault returned 0
					returning to (6923) with pages:
					r	vpage 0x60004	ppage 0x3
					rw	vpage 0x60005	ppage 0x1
					rw	vpage 0x60008	ppage 0x2
vm_fault	(6923)	0x600040000	write
vm_fault returned 0
					returning to (6923) with pages:
					rw	vpage 0x60004	ppage 0x3
					rw	vpage 0x60005	ppage 0x1
					rw	vpage 0x60008	ppage 0x2
vm_fault	(6923)	0x600030000	read
file_read	<swap>	22
file_write	<swap>	31
vm_fault returned 0
					returning to (6923) with pages:
					r	vpage 0x60003	ppage 0x1
					rw	vpage 0x60004	ppage 0x3
					rw	vpage 0x60008	ppage 0x2
vm_fault	(6923)	0x600010000	write
file_read	<swap>	20
file_write	<swap>	32
vm_fault returned 0
					returning to (6923) with pages:
					rw	vpage 0x60001	ppage 0x2
					r	vpage 0x60003	ppage 0x1
					rw	vpage 0x60004	ppage 0x3
vm_fault	(6923)	0x600020000	read
file_read	<swap>	30
file_write	<swap>	33
vm_fault returned 0
					returning to (6923) with pages:
					rw	vpage 0x60001	ppage 0x2
					r	vpage 0x60002	ppage 0x3
					r	vpage 0x60003	ppage 0x1
vm_fault	(6923)	0x600060000	write
file_read	<swap>	0
vm_fault returned 0
					returning to (6923) with pages:
					rw	vpage 0x60001	ppage 0x2
					r	vpage 0x60002	ppage 0x3
					rw	vpage 0x60006	ppage 0x1
vm_fault	(6923)	0x600070000	write
file_read	<swap>	0
file_write	<swap>	34
vm_fault returned 0
					returning to (6923) with pages:
					r	vpage 0x60002	ppage 0x3
					rw	vpage 0x60006	ppage 0x1
					rw	vpage 0x60007	ppage 0x2
vm_destroy	(6923)
vm_switch	(6924)
					returning to (6924) with pages:
vm_map		(6924)	0x0	0
vm_map returned 0x600000000
					returning to (6924) with pages:
					r	vpage 0x60000	ppage 0x0
vm_fault	(6924)	0x600000000	write
vm_fault returned 0
					returning to (6924) with pages:
					rw	vpage 0x60000	ppage 0x3
vm_destroy	(6924)
